[Tue Apr 19 01:46:01.047238 2022] [mpm_winnt:notice] [pid 6356:tid 404] AH00455: Apache/2.4.53 (Win64) PHP/8.1.5 configured -- resuming normal operations
[Tue Apr 19 01:46:01.048237 2022] [mpm_winnt:notice] [pid 6356:tid 404] AH00456: Apache Lounge VS16 Server built: Mar 16 2022 11:26:15
[Tue Apr 19 01:46:01.048237 2022] [core:notice] [pid 6356:tid 404] AH00094: Command line: 'C:\\Apache24\\bin\\httpd.exe -d C:/Apache24'
[Tue Apr 19 01:46:01.075160 2022] [mpm_winnt:notice] [pid 6356:tid 404] AH00418: Parent: Created child process 4912
Apache server shutdown initiated...
pm_winnt:notice] [pid 4912:tid 408] AH00354: Child: Starting 64 worker threads.
[Tue Apr 19 01:46:32.549150 2022] [mpm_winnt:notice] [pid 6356:tid 404] AH00422: Parent: Received shutdown signal -- Shutting down the server.
[Tue Apr 19 01:46:34.566389 2022] [mpm_winnt:notice] [pid 4912:tid 408] AH00364: Child: All worker threads have exited.
[Tue Apr 19 01:46:35.296269 2022] [mpm_winnt:notice] [pid 6356:tid 404] AH00430: Parent: Child process 4912 exited successfully.
[Tue Apr 19 15:56:49.103746 2022] [mpm_winnt:notice] [pid 2056:tid 420] AH00455: Apache/2.4.53 (Win64) PHP/8.1.5 configured -- resuming normal operations
[Tue Apr 19 15:56:49.117805 2022] [mpm_winnt:notice] [pid 2056:tid 420] AH00456: Apache Lounge VS16 Server built: Mar 16 2022 11:26:15
[Tue Apr 19 15:56:49.117805 2022] [core:notice] [pid 2056:tid 420] AH00094: Command line: 'C:\\Apache24\\bin\\httpd.exe -d C:/Apache24'
[Tue Apr 19 15:56:49.149062 2022] [mpm_winnt:notice] [pid 2056:tid 420] AH00418: Parent: Created child process 5828
[Tue Apr 19 15:56:51.963899 2022] [mpm_winnt:notice] [pid 5828:tid 408] AH00354: Child: Starting 64 worker threads.
[Tue Apr 19 16:07:31.639248 2022] [core:warn] [pid 2624:tid 384] AH00098: pid file C:/Apache24/logs/httpd.pid overwritten -- Unclean shutdown of previous Apache run?
[Tue Apr 19 16:07:33.795795 2022] [mpm_winnt:notice] [pid 2624:tid 384] AH00455: Apache/2.4.53 (Win64) PHP/8.1.5 configured -- resuming normal operations
[Tue Apr 19 16:07:33.795795 2022] [mpm_winnt:notice] [pid 2624:tid 384] AH00456: Apache Lounge VS16 Server built: Mar 16 2022 11:26:15
[Tue Apr 19 16:07:33.795795 2022] [core:notice] [pid 2624:tid 384] AH00094: Command line: 'C:\\Apache24\\bin\\httpd.exe -d C:/Apache24'
[Tue Apr 19 16:07:33.795795 2022] [mpm_winnt:notice] [pid 2624:tid 384] AH00418: Parent: Created child process 3520
[Tue Apr 19 16:07:35.420363 2022] [mpm_winnt:notice] [pid 3520:tid 400] AH00354: Child: Starting 64 worker threads.
[Wed Apr 20 07:43:49.531475 2022] [core:warn] [pid 2656:tid 384] AH00098: pid file C:/Apache24/logs/httpd.pid overwritten -- Unclean shutdown of previous Apache run?
[Wed Apr 20 07:43:52.062653 2022] [mpm_winnt:notice] [pid 2656:tid 384] AH00455: Apache/2.4.53 (Win64) PHP/8.1.5 configured -- resuming normal operations
[Wed Apr 20 07:43:52.062653 2022] [mpm_winnt:notice] [pid 2656:tid 384] AH00456: Apache Lounge VS16 Server built: Mar 16 2022 11:26:15
[Wed Apr 20 07:43:52.062653 2022] [core:notice] [pid 2656:tid 384] AH00094: Command line: 'C:\\Apache24\\bin\\httpd.exe -d C:/Apache24'
[Wed Apr 20 07:43:52.078269 2022] [mpm_winnt:notice] [pid 2656:tid 384] AH00418: Parent: Created child process 3452
[Wed Apr 20 07:43:53.906341 2022] [mpm_winnt:notice] [pid 3452:tid 404] AH00354: Child: Starting 64 worker threads.
